<?xml version="1.0" encoding="UTF-8"?>
<!-- Generated by org.testng.reporters.JUnitReportReporter -->
<testsuite hostname="Gurpreet-PC" name="com.wikia.testcases.UploadVideoTest" tests="1" failures="0" timestamp="7 Aug 2014 20:26:45 GMT" time="27.020" errors="0">
  <testcase name="uploadVideoTest" time="27.020" classname="com.wikia.testcases.UploadVideoTest"/>
</testsuite> <!-- com.wikia.testcases.UploadVideoTest -->
